<?xml version="1.0" encoding="UTF-8"?>
<!-- Generated by org.testng.reporters.JUnitReportReporter -->
<testsuite skipped="0" hostname="DESKTOP-R0GNJAC" name="com.qa.crmpro.tests.HomePageTest" tests="6" failures="0" timestamp="29 Jul 2019 15:23:20 GMT" time="103.743" errors="0">
  <testcase name="verifyHomePageTitle" time="16.957" classname="com.qa.crmpro.tests.HomePageTest"/>
  <testcase name="verifyHomePageHeader" time="17.429" classname="com.qa.crmpro.tests.HomePageTest"/>
  <testcase name="verifyLoggedInUserNameTest" time="16.816" classname="com.qa.crmpro.tests.HomePageTest"/>
  <testcase name="verifyFrames" time="17.045" classname="com.qa.crmpro.tests.HomePageTest"/>
  <testcase name="homeTitleInHomePage" time="16.975" classname="com.qa.crmpro.tests.HomePageTest"/>
  <testcase name="calendarTitleInHomePage" time="18.521" classname="com.qa.crmpro.tests.HomePageTest"/>
</testsuite> <!-- com.qa.crmpro.tests.HomePageTest -->
