<?xml version="1.0" encoding="UTF-8"?>
<!-- Generated by org.testng.reporters.JUnitReportReporter -->
<testsuite skipped="3" hostname="DESKTOP-R0GNJAC" name="com.qa.crmpro.tests.LoginPageTest" tests="4" failures="0" timestamp="26 Jul 2019 20:39:46 GMT" time="21.333" errors="0">
  <testcase name="CRMLoginTest" time="21.333" classname="com.qa.crmpro.tests.LoginPageTest"/>
  <testcase name="verifyLoginPageTitleTest" classname="com.qa.crmpro.tests.LoginPageTest">
    <skipped/>
  </testcase> <!-- verifyLoginPageTitleTest -->
  <testcase name="totalLinks" classname="com.qa.crmpro.tests.LoginPageTest">
    <skipped/>
  </testcase> <!-- totalLinks -->
  <testcase name="linksName" classname="com.qa.crmpro.tests.LoginPageTest">
    <skipped/>
  </testcase> <!-- linksName -->
</testsuite> <!-- com.qa.crmpro.tests.LoginPageTest -->
