<?xml version="1.0" encoding="UTF-8"?>
<!-- Generated by org.testng.reporters.JUnitReportReporter -->
<testsuite skipped="0" hostname="DESKTOP-R0GNJAC" name="com.qa.crmpro.tests.HomePageTest" tests="1" failures="0" timestamp="28 Jul 2019 20:55:00 GMT" time="467.600" errors="0">
  <testcase name="calendarTitleInHomePage" time="467.600" classname="com.qa.crmpro.tests.HomePageTest"/>
</testsuite> <!-- com.qa.crmpro.tests.HomePageTest -->
