<?xml version="1.0" encoding="UTF-8"?>
<!-- Generated by org.testng.reporters.JUnitReportReporter -->
<testsuite skipped="0" hostname="DESKTOP-R0GNJAC" name="com.qa.crmpro.tests.ContactPageTest" tests="1" failures="0" timestamp="07 Aug 2019 20:05:07 GMT" time="17.377" errors="0">
  <testcase name="verifyNewContactTitleTest" time="17.377" classname="com.qa.crmpro.tests.ContactPageTest"/>
</testsuite> <!-- com.qa.crmpro.tests.ContactPageTest -->
