<?xml version="1.0" encoding="UTF-8"?>
<!-- Generated by org.testng.reporters.JUnitReportReporter -->
<testsuite skipped="0" hostname="DESKTOP-R0GNJAC" name="com.qa.crmpro.tests.LoginPageTest" tests="2" failures="0" timestamp="22 Jul 2019 17:54:49 GMT" time="30.424" errors="0">
  <testcase name="totalLinks" time="14.562" classname="com.qa.crmpro.tests.LoginPageTest"/>
  <testcase name="verifyLoginPageTitleTest" time="15.862" classname="com.qa.crmpro.tests.LoginPageTest"/>
</testsuite> <!-- com.qa.crmpro.tests.LoginPageTest -->
